.venv\Scripts\python.exe : 2026-04-13 05:24:23,382 [INFO] Starting Full Gold Training Pipeline...
At line:2 char:1
+ .venv\Scripts\python.exe train_gold_RRL_interpolate.py 2> gold_error. ...
+ ~~~~~~~~~~~~~~~~~~~~~~~~~~~~~~~~~~~~~~~~~~~~~~~~~~~~~~~~~~~~~~~~~~~~~
    + CategoryInfo          : NotSpecified: (2026-04-13 05:2...ing Pipeline...:String) [], RemoteException
    + FullyQualifiedErrorId : NativeCommandError
 
2026-04-13 05:24:23,382 [INFO] Loading datasets from df_gold_dataset_gepu_extended_train.csv and 
df_gold_dataset_gepu_extended_test.csv
2026-04-13 05:24:23,392 [INFO] Using strictly features: ['Silver_Futures', 'Crude_Oil_Futures', 
'UST10Y_Treasury_Yield', 'gepu', 'DFF', 'gpr_daily', 'Gold_Futures']
2026-04-13 05:24:23,400 [INFO] Running Optuna Optimization...
[I 2026-04-13 05:24:23,401] A new study created in memory with name: no-name-6da871ea-cea2-4c1c-aa9b-5449f39566d9
[I 2026-04-13 05:24:24,962] Trial 0 finished with value: 1000000.0 and parameters: {'lookback': 14, 'filters': 124, 
'lstm_units': 205, 'dropout': 0.3394633936788146, 'lr': 0.00018410729205738696, 'kernel_size': 3, 'batch_size': 64}. 
Best is trial 0 with value: 1000000.0.
[I 2026-04-13 05:24:32,857] Trial 1 finished with value: 2.346098252529434 and parameters: {'lookback': 23, 'filters': 
33, 'lstm_units': 251, 'dropout': 0.4329770563201687, 'lr': 0.00022948683681130568, 'kernel_size': 3, 'batch_size': 
128}. Best is trial 1 with value: 2.346098252529434.
[I 2026-04-13 05:24:50,599] Trial 2 finished with value: 2.2900276693239943 and parameters: {'lookback': 16, 
'filters': 60, 'lstm_units': 182, 'dropout': 0.15579754426081674, 'lr': 0.0003135775732257748, 'kernel_size': 5, 
'batch_size': 64}. Best is trial 2 with value: 2.2900276693239943.
[I 2026-04-13 05:24:57,097] Trial 3 finished with value: 2.3582493996676166 and parameters: {'lookback': 18, 
'filters': 89, 'lstm_units': 72, 'dropout': 0.34301794076057535, 'lr': 0.00019485671251272575, 'kernel_size': 3, 
'batch_size': 64}. Best is trial 2 with value: 2.2900276693239943.
[I 2026-04-13 05:25:07,265] Trial 4 finished with value: 2.32213263197704 and parameters: {'lookback': 12, 'filters': 
41, 'lstm_units': 196, 'dropout': 0.27606099749584057, 'lr': 0.000161190447276092, 'kernel_size': 5, 'batch_size': 
64}. Best is trial 2 with value: 2.2900276693239943.
[I 2026-04-13 05:25:27,777] Trial 5 finished with value: 2.3040423383915303 and parameters: {'lookback': 22, 
'filters': 62, 'lstm_units': 164, 'dropout': 0.31868411173731187, 'lr': 0.0002060924941320236, 'kernel_size': 7, 
'batch_size': 64}. Best is trial 2 with value: 2.2900276693239943.
[I 2026-04-13 05:25:31,555] Trial 6 finished with value: 2.4018318125808675 and parameters: {'lookback': 20, 
'filters': 121, 'lstm_units': 81, 'dropout': 0.1783931449676581, 'lr': 0.00011935477742481393, 'kernel_size': 3, 
'batch_size': 128}. Best is trial 2 with value: 2.2900276693239943.
[I 2026-04-13 05:25:31,829] Trial 7 finished with value: 1000000.0 and parameters: {'lookback': 14, 'filters': 59, 
'lstm_units': 168, 'dropout': 0.15636968998990508, 'lr': 0.0023062618121677952, 'kernel_size': 3, 'batch_size': 32}. 
Best is trial 2 with value: 2.2900276693239943.
