2026-04-13 06:32:23,509 [INFO] Starting Full Silver Training Pipeline...
2026-04-13 06:32:23,510 [INFO] Loading datasets from silver_RRL_interpolate_extended_train.csv and silver_RRL_interpolate_extended_test.csv
2026-04-13 06:32:23,520 [INFO] Using strictly features: ['Silver_Futures', 'Gold_Futures', 'US30', 'SnP500', 'NASDAQ_100', 'USD_index']
2026-04-13 06:32:23,532 [INFO] Running Optuna Optimization...
[I 2026-04-13 06:32:23,533] A new study created in memory with name: no-name-fb2444ba-b139-4ecc-b9b9-4e0501cfd8c0
[I 2026-04-13 06:32:44,420] Trial 0 finished with value: 2.3586640081978065 and parameters: {'lookback': 14, 'filters': 124, 'lstm_units': 205, 'dropout': 0.3394633936788146, 'lr': 0.00018410729205738696, 'kernel_size': 3, 'batch_size': 64}. Best is trial 0 with value: 2.3586640081978065.
[I 2026-04-13 06:33:02,563] Trial 1 finished with value: 2.504829108064923 and parameters: {'lookback': 23, 'filters': 33, 'lstm_units': 251, 'dropout': 0.4329770563201687, 'lr': 0.00022948683681130568, 'kernel_size': 3, 'batch_size': 128}. Best is trial 0 with value: 2.3586640081978065.
[I 2026-04-13 06:33:32,166] Trial 2 finished with value: 2.4559155874533567 and parameters: {'lookback': 16, 'filters': 60, 'lstm_units': 182, 'dropout': 0.15579754426081674, 'lr': 0.0003135775732257748, 'kernel_size': 5, 'batch_size': 64}. Best is trial 0 with value: 2.3586640081978065.
[I 2026-04-13 06:33:40,813] Trial 3 finished with value: 2.2838991674677285 and parameters: {'lookback': 18, 'filters': 89, 'lstm_units': 72, 'dropout': 0.34301794076057535, 'lr': 0.00019485671251272575, 'kernel_size': 3, 'batch_size': 64}. Best is trial 3 with value: 2.2838991674677285.
[I 2026-04-13 06:33:57,546] Trial 4 finished with value: 2.3115845537009583 and parameters: {'lookback': 12, 'filters': 41, 'lstm_units': 196, 'dropout': 0.27606099749584057, 'lr': 0.000161190447276092, 'kernel_size': 5, 'batch_size': 64}. Best is trial 3 with value: 2.2838991674677285.
[I 2026-04-13 06:34:35,098] Trial 5 finished with value: 2.527847790784623 and parameters: {'lookback': 22, 'filters': 62, 'lstm_units': 164, 'dropout': 0.31868411173731187, 'lr': 0.0002060924941320236, 'kernel_size': 7, 'batch_size': 64}. Best is trial 3 with value: 2.2838991674677285.
[I 2026-04-13 06:34:39,690] Trial 6 finished with value: 2.354820494169292 and parameters: {'lookback': 20, 'filters': 121, 'lstm_units': 81, 'dropout': 0.1783931449676581, 'lr': 0.00011935477742481393, 'kernel_size': 3, 'batch_size': 128}. Best is trial 3 with value: 2.2838991674677285.
[I 2026-04-13 06:35:15,426] Trial 7 finished with value: 2.2852307065369453 and parameters: {'lookback': 14, 'filters': 59, 'lstm_units': 168, 'dropout': 0.15636968998990508, 'lr': 0.0023062618121677952, 'kernel_size': 3, 'batch_size': 32}. Best is trial 3 with value: 2.2838991674677285.
[I 2026-04-13 06:35:22,319] Trial 8 finished with value: 2.608765125833143 and parameters: {'lookback': 5, 'filters': 111, 'lstm_units': 200, 'dropout': 0.3916028672163949, 'lr': 0.0020434554984161395, 'kernel_size': 3, 'batch_size': 128}. Best is trial 3 with value: 2.2838991674677285.
[I 2026-04-13 06:35:32,783] Trial 9 finished with value: 2.3543695370331172 and parameters: {'lookback': 21, 'filters': 64, 'lstm_units': 76, 'dropout': 0.2243929286862649, 'lr': 0.00035684261232554244, 'kernel_size': 7, 'batch_size': 64}. Best is trial 3 with value: 2.2838991674677285.
[I 2026-04-13 06:35:56,302] Trial 10 finished with value: 2.677020373478385 and parameters: {'lookback': 29, 'filters': 95, 'lstm_units': 113, 'dropout': 0.4729161367647149, 'lr': 0.0007620967147442488, 'kernel_size': 5, 'batch_size': 32}. Best is trial 3 with value: 2.2838991674677285.
[I 2026-04-13 06:36:14,825] Trial 11 finished with value: 2.249394238805327 and parameters: {'lookback': 10, 'filters': 85, 'lstm_units': 120, 'dropout': 0.10654897642492317, 'lr': 0.004044849285259279, 'kernel_size': 3, 'batch_size': 32}. Best is trial 11 with value: 2.249394238805327.
[I 2026-04-13 06:36:32,376] Trial 12 finished with value: 2.322869626206404 and parameters: {'lookback': 8, 'filters': 86, 'lstm_units': 119, 'dropout': 0.10312839107941285, 'lr': 0.003927801388402649, 'kernel_size': 3, 'batch_size': 32}. Best is trial 11 with value: 2.249394238805327.
[I 2026-04-13 06:36:50,355] Trial 13 finished with value: 2.3371860398327753 and parameters: {'lookback': 10, 'filters': 96, 'lstm_units': 119, 'dropout': 0.25154401466786525, 'lr': 0.0006394285914269319, 'kernel_size': 5, 'batch_size': 32}. Best is trial 11 with value: 2.249394238805327.
[I 2026-04-13 06:37:07,810] Trial 14 finished with value: 2.3741746652913838 and parameters: {'lookback': 27, 'filters': 76, 'lstm_units': 65, 'dropout': 0.3715846177610577, 'lr': 0.0009792316462349695, 'kernel_size': 3, 'batch_size': 32}. Best is trial 11 with value: 2.249394238805327.
[I 2026-04-13 06:37:19,348] Trial 15 finished with value: 2.871999444720373 and parameters: {'lookback': 18, 'filters': 105, 'lstm_units': 105, 'dropout': 0.30318281399741986, 'lr': 0.0049226956814019795, 'kernel_size': 5, 'batch_size': 64}. Best is trial 11 with value: 2.249394238805327.
[I 2026-04-13 06:37:46,265] Trial 16 finished with value: 2.4137924664468833 and parameters: {'lookback': 6, 'filters': 77, 'lstm_units': 140, 'dropout': 0.11003809529801173, 'lr': 0.0013314588368132704, 'kernel_size': 3, 'batch_size': 32}. Best is trial 11 with value: 2.249394238805327.
[I 2026-04-13 06:37:56,613] Trial 17 finished with value: 2.3212084627239373 and parameters: {'lookback': 25, 'filters': 87, 'lstm_units': 90, 'dropout': 0.21440832258621928, 'lr': 0.00045626761208882234, 'kernel_size': 5, 'batch_size': 64}. Best is trial 11 with value: 2.249394238805327.
[I 2026-04-13 06:38:14,113] Trial 18 finished with value: 2.660114501486706 and parameters: {'lookback': 17, 'filters': 106, 'lstm_units': 96, 'dropout': 0.4003988944050103, 'lr': 0.00010323916457094039, 'kernel_size': 7, 'batch_size': 32}. Best is trial 11 with value: 2.249394238805327.
[I 2026-04-13 06:38:24,818] Trial 19 finished with value: 2.36293057314149 and parameters: {'lookback': 10, 'filters': 72, 'lstm_units': 134, 'dropout': 0.47972197893443275, 'lr': 0.002486030739534504, 'kernel_size': 3, 'batch_size': 128}. Best is trial 11 with value: 2.249394238805327.
[I 2026-04-13 06:38:46,683] Trial 20 finished with value: 2.4783530058439456 and parameters: {'lookback': 13, 'filters': 48, 'lstm_units': 144, 'dropout': 0.3515247470860328, 'lr': 0.0014411942044422151, 'kernel_size': 5, 'batch_size': 64}. Best is trial 11 with value: 2.249394238805327.
[I 2026-04-13 06:39:28,304] Trial 21 finished with value: 2.1840674470775014 and parameters: {'lookback': 15, 'filters': 53, 'lstm_units': 168, 'dropout': 0.16410541866853964, 'lr': 0.0031710768890661004, 'kernel_size': 3, 'batch_size': 32}. Best is trial 21 with value: 2.1840674470775014.
[I 2026-04-13 06:39:35,663] Trial 22 finished with value: 1000000.0 and parameters: {'lookback': 19, 'filters': 90, 'lstm_units': 226, 'dropout': 0.18167319454415823, 'lr': 0.0032751432433502157, 'kernel_size': 3, 'batch_size': 32}. Best is trial 21 with value: 2.1840674470775014.
[I 2026-04-13 06:40:10,907] Trial 23 finished with value: 2.5371867893001965 and parameters: {'lookback': 16, 'filters': 70, 'lstm_units': 146, 'dropout': 0.13747545527744903, 'lr': 0.0034279503494694242, 'kernel_size': 3, 'batch_size': 32}. Best is trial 21 with value: 2.1840674470775014.
[I 2026-04-13 06:40:28,147] Trial 24 finished with value: 2.276043586577065 and parameters: {'lookback': 11, 'filters': 50, 'lstm_units': 66, 'dropout': 0.27095572154757774, 'lr': 0.0017231727252068681, 'kernel_size': 3, 'batch_size': 32}. Best is trial 21 with value: 2.1840674470775014.
[I 2026-04-13 06:41:00,931] Trial 25 finished with value: 2.1739395499372454 and parameters: {'lookback': 10, 'filters': 49, 'lstm_units': 173, 'dropout': 0.22249249066677326, 'lr': 0.0017073444971012679, 'kernel_size': 3, 'batch_size': 32}. Best is trial 25 with value: 2.1739395499372454.
[I 2026-04-13 06:41:34,477] Trial 26 finished with value: 2.467884202302657 and parameters: {'lookback': 8, 'filters': 50, 'lstm_units': 180, 'dropout': 0.2044012480417276, 'lr': 0.0027632444447758856, 'kernel_size': 3, 'batch_size': 32}. Best is trial 25 with value: 2.1739395499372454.
[I 2026-04-13 06:42:00,896] Trial 27 finished with value: 2.294412593894672 and parameters: {'lookback': 8, 'filters': 33, 'lstm_units': 155, 'dropout': 0.12646624193105652, 'lr': 0.004926741575786238, 'kernel_size': 3, 'batch_size': 32}. Best is trial 25 with value: 2.1739395499372454.
[I 2026-04-13 06:42:31,255] Trial 28 finished with value: 2.2617296770193964 and parameters: {'lookback': 15, 'filters': 43, 'lstm_units': 223, 'dropout': 0.24862272097075463, 'lr': 0.0017082373856977362, 'kernel_size': 5, 'batch_size': 32}. Best is trial 25 with value: 2.1739395499372454.
[I 2026-04-13 06:42:52,102] Trial 29 finished with value: 1000000.0 and parameters: {'lookback': 12, 'filters': 55, 'lstm_units': 177, 'dropout': 0.17772000117866, 'lr': 0.001018499125716041, 'kernel_size': 3, 'batch_size': 32}. Best is trial 25 with value: 2.1739395499372454.
[I 2026-04-13 06:43:18,732] Trial 30 finished with value: 2.2836861439102893 and parameters: {'lookback': 9, 'filters': 68, 'lstm_units': 217, 'dropout': 0.14251038080215628, 'lr': 0.003787007759169976, 'kernel_size': 3, 'batch_size': 32}. Best is trial 25 with value: 2.1739395499372454.
[I 2026-04-13 06:43:55,119] Trial 31 finished with value: 2.397286829588121 and parameters: {'lookback': 16, 'filters': 40, 'lstm_units': 255, 'dropout': 0.23877978067426142, 'lr': 0.001758597764483985, 'kernel_size': 7, 'batch_size': 32}. Best is trial 25 with value: 2.1739395499372454.
[I 2026-04-13 06:44:30,171] Trial 32 finished with value: 2.3972239820444474 and parameters: {'lookback': 14, 'filters': 43, 'lstm_units': 229, 'dropout': 0.19325592419525128, 'lr': 0.002909016197965975, 'kernel_size': 5, 'batch_size': 32}. Best is trial 25 with value: 2.1739395499372454.
[I 2026-04-13 06:45:03,348] Trial 33 finished with value: 2.4414432299770263 and parameters: {'lookback': 14, 'filters': 33, 'lstm_units': 131, 'dropout': 0.26249664420940677, 'lr': 0.0012500237324845453, 'kernel_size': 5, 'batch_size': 32}. Best is trial 25 with value: 2.1739395499372454.
[I 2026-04-13 06:45:33,852] Trial 34 finished with value: 2.1687470857307916 and parameters: {'lookback': 15, 'filters': 54, 'lstm_units': 192, 'dropout': 0.1616414086978452, 'lr': 0.00196930849792784, 'kernel_size': 3, 'batch_size': 128}. Best is trial 34 with value: 2.1687470857307916.
[I 2026-04-13 06:45:55,390] Trial 35 finished with value: 2.5144296613324433 and parameters: {'lookback': 12, 'filters': 55, 'lstm_units': 190, 'dropout': 0.16255107047351078, 'lr': 0.0021667415987947883, 'kernel_size': 3, 'batch_size': 128}. Best is trial 34 with value: 2.1687470857307916.
[I 2026-04-13 06:46:07,025] Trial 36 finished with value: 2.2782602943174894 and parameters: {'lookback': 6, 'filters': 56, 'lstm_units': 156, 'dropout': 0.12000078308911664, 'lr': 0.0028398190852679845, 'kernel_size': 3, 'batch_size': 128}. Best is trial 34 with value: 2.1687470857307916.
[I 2026-04-13 06:46:17,031] Trial 37 finished with value: 2.307097222886352 and parameters: {'lookback': 11, 'filters': 80, 'lstm_units': 206, 'dropout': 0.14949669067349416, 'lr': 0.004120600113543817, 'kernel_size': 3, 'batch_size': 128}. Best is trial 34 with value: 2.1687470857307916.
[I 2026-04-13 06:46:41,631] Trial 38 finished with value: 2.2816542305839005 and parameters: {'lookback': 13, 'filters': 67, 'lstm_units': 168, 'dropout': 0.22670742960848156, 'lr': 0.0019378667307410745, 'kernel_size': 3, 'batch_size': 128}. Best is trial 34 with value: 2.1687470857307916.
[I 2026-04-13 06:47:15,086] Trial 39 finished with value: 2.251569709367812 and parameters: {'lookback': 17, 'filters': 62, 'lstm_units': 187, 'dropout': 0.10028254038823003, 'lr': 0.0010625781390061451, 'kernel_size': 3, 'batch_size': 128}. Best is trial 34 with value: 2.1687470857307916.
[I 2026-04-13 06:47:30,835] Trial 40 finished with value: 2.3773437434508335 and parameters: {'lookback': 19, 'filters': 38, 'lstm_units': 210, 'dropout': 0.1671859080404467, 'lr': 0.0024037505740837355, 'kernel_size': 3, 'batch_size': 128}. Best is trial 34 with value: 2.1687470857307916.
[I 2026-04-13 06:48:01,338] Trial 41 finished with value: 2.266232123950765 and parameters: {'lookback': 17, 'filters': 61, 'lstm_units': 187, 'dropout': 0.10587746562058509, 'lr': 0.0010849842355864653, 'kernel_size': 3, 'batch_size': 128}. Best is trial 34 with value: 2.1687470857307916.
[I 2026-04-13 06:48:27,443] Trial 42 finished with value: 2.1424143435645644 and parameters: {'lookback': 15, 'filters': 47, 'lstm_units': 176, 'dropout': 0.1325666222451045, 'lr': 0.0006560195598488201, 'kernel_size': 3, 'batch_size': 128}. Best is trial 42 with value: 2.1424143435645644.
[I 2026-04-13 06:48:51,202] Trial 43 finished with value: 2.181223270034701 and parameters: {'lookback': 15, 'filters': 46, 'lstm_units': 168, 'dropout': 0.13243469820897116, 'lr': 0.0006159499294287921, 'kernel_size': 3, 'batch_size': 128}. Best is trial 42 with value: 2.1424143435645644.
[I 2026-04-13 06:49:22,778] Trial 44 finished with value: 2.258918276043848 and parameters: {'lookback': 21, 'filters': 49, 'lstm_units': 174, 'dropout': 0.19523205930117268, 'lr': 0.0005538403249132845, 'kernel_size': 3, 'batch_size': 128}. Best is trial 42 with value: 2.1424143435645644.
[I 2026-04-13 06:49:45,815] Trial 45 finished with value: 2.5997392772801593 and parameters: {'lookback': 15, 'filters': 37, 'lstm_units': 161, 'dropout': 0.12948487185298524, 'lr': 0.0003018089225316441, 'kernel_size': 3, 'batch_size': 128}. Best is trial 42 with value: 2.1424143435645644.
[I 2026-04-13 06:50:00,309] Trial 46 finished with value: 2.6991863118513266 and parameters: {'lookback': 24, 'filters': 45, 'lstm_units': 195, 'dropout': 0.1577965328219089, 'lr': 0.0007702562709119004, 'kernel_size': 3, 'batch_size': 128}. Best is trial 42 with value: 2.1424143435645644.
[I 2026-04-13 06:50:09,260] Trial 47 finished with value: 2.3316752865825756 and parameters: {'lookback': 15, 'filters': 53, 'lstm_units': 200, 'dropout': 0.18278174716511864, 'lr': 0.0004348336227030518, 'kernel_size': 3, 'batch_size': 128}. Best is trial 42 with value: 2.1424143435645644.
[I 2026-04-13 06:50:28,600] Trial 48 finished with value: 2.2807992537672788 and parameters: {'lookback': 13, 'filters': 58, 'lstm_units': 174, 'dropout': 0.14468189705250997, 'lr': 0.0008643719236721136, 'kernel_size': 3, 'batch_size': 128}. Best is trial 42 with value: 2.1424143435645644.
[I 2026-04-13 06:50:42,492] Trial 49 finished with value: 2.448884622647624 and parameters: {'lookback': 19, 'filters': 46, 'lstm_units': 238, 'dropout': 0.21031636295904016, 'lr': 0.0006500044871439136, 'kernel_size': 3, 'batch_size': 128}. Best is trial 42 with value: 2.1424143435645644.
2026-04-13 06:50:42,493 [INFO] Best Hyperparameters: {'lookback': 15, 'filters': 47, 'lstm_units': 176, 'dropout': 0.1325666222451045, 'lr': 0.0006560195598488201, 'kernel_size': 3, 'batch_size': 128}
2026-04-13 06:50:42,498 [INFO] Final Training Seed 0...
2026-04-13 06:51:35,533 [INFO] Seed 0 | Epoch 50 | Test Loss 104.0572
2026-04-13 06:52:29,207 [INFO] Seed 0 | Epoch 100 | Test Loss 17.3130
2026-04-13 06:53:22,387 [INFO] Seed 0 | Epoch 150 | Test Loss 14.3277
2026-04-13 06:53:22,532 [INFO] Final Training Seed 1...
2026-04-13 06:54:15,941 [INFO] Seed 1 | Epoch 50 | Test Loss 20.6836
2026-04-13 06:55:09,189 [INFO] Seed 1 | Epoch 100 | Test Loss 48.6929
2026-04-13 06:56:03,877 [INFO] Seed 1 | Epoch 150 | Test Loss 50.6123
2026-04-13 06:56:04,015 [INFO] Final Training Seed 2...
2026-04-13 06:56:58,512 [INFO] Seed 2 | Epoch 50 | Test Loss 18.1798
2026-04-13 06:57:51,957 [INFO] Seed 2 | Epoch 100 | Test Loss 28.5740
2026-04-13 06:58:46,512 [INFO] Seed 2 | Epoch 150 | Test Loss 30.5999
2026-04-13 06:58:46,642 [INFO] Final Training Seed 42...
2026-04-13 06:59:40,594 [INFO] Seed 42 | Epoch 50 | Test Loss 50.8657
2026-04-13 07:00:35,091 [INFO] Seed 42 | Epoch 100 | Test Loss 37.2520
2026-04-13 07:01:28,477 [INFO] Seed 42 | Epoch 150 | Test Loss 39.4970
2026-04-13 07:01:28,608 [INFO] Final Training Seed 99...
2026-04-13 07:02:23,544 [INFO] Seed 99 | Epoch 50 | Test Loss 86.0113
2026-04-13 07:03:17,676 [INFO] Seed 99 | Epoch 100 | Test Loss 52.8164
2026-04-13 07:04:11,906 [INFO] Seed 99 | Epoch 150 | Test Loss 70.3038
2026-04-13 07:04:12,036 [INFO] Final Training Seed 123...
2026-04-13 07:05:06,287 [INFO] Seed 123 | Epoch 50 | Test Loss 19.1119
2026-04-13 07:06:00,239 [INFO] Seed 123 | Epoch 100 | Test Loss 31.5633
2026-04-13 07:06:53,502 [INFO] Seed 123 | Epoch 150 | Test Loss 20.2478
2026-04-13 07:06:53,633 [INFO] FINAL RESULTS (SILVER): DA=32.29%, RMSE=0.1748, LagCorr=-0.0104
